    Finished `test` profile [unoptimized + debuginfo] target(s) in 0.06s
     Running unittests src\lib.rs (target\debug\deps\vietflux_core-8b72f0d44bfffef3.exe)

running 1 test

thread 'engine::tests::test_shortcut_expansion' (13764) panicked at src\engine.rs:733:9:
assertion `left == right` failed
  left: "Ko"
 right: "ko"
note: run with `RUST_BACKTRACE=1` environment variable to display a backtrace
test engine::tests::test_shortcut_expansion ... FAILED

failures:

failures:
    engine::tests::test_shortcut_expansion

test result: FAILED. 0 passed; 1 failed; 0 ignored; 0 measured; 47 filtered out; finished in 0.00s

error: test failed, to rerun pass `--lib`
