   Compiling vietflux-core v0.1.0 (D:\Code\vietflux-ime\core)
warning: unused variable: `result`
   --> src\engine.rs:777:13
    |
777 |         let result = engine.process_key('.', false); // "Hi."
    |             ^^^^^^ help: if this is intentional, prefix it with an underscore: `_result`
    |
    = note: `#[warn(unused_variables)]` (part of `#[warn(unused)]`) on by default

warning: unused variable: `result`
   --> src\engine.rs:780:13
    |
780 |         let result = engine.process_key(' ', false); // "Hi. "
    |             ^^^^^^ help: if this is intentional, prefix it with an underscore: `_result`

warning: `vietflux-core` (lib test) generated 2 warnings (run `cargo fix --lib -p vietflux-core --tests` to apply 2 suggestions)
    Finished `test` profile [unoptimized + debuginfo] target(s) in 0.73s
     Running unittests src\lib.rs (target\debug\deps\vietflux_core-8b72f0d44bfffef3.exe)

running 1 test

thread 'engine::tests::test_smart_quotes' (4436) panicked at src\engine.rs:801:9:
assertion `left == right` failed
  left: "ΓÇ£aΓÇ¥"
 right: "ΓÇ¥"
note: run with `RUST_BACKTRACE=1` environment variable to display a backtrace
test engine::tests::test_smart_quotes ... FAILED

failures:

failures:
    engine::tests::test_smart_quotes

test result: FAILED. 0 passed; 1 failed; 0 ignored; 0 measured; 47 filtered out; finished in 0.00s

error: test failed, to rerun pass `--lib`
